Line 159: Property Picture in Pic_1c_ia_fs had an invalid file reference.
Line 179: Property Picture in Pic_1c_ia_ft had an invalid file reference.
Line 199: Property Picture in Pic_1c_ia_tf had an invalid file reference.
Line 219: Property Picture in Pic_1c_iswd_ftd had an invalid file reference.
Line 239: Property Picture in Pic_1c_iswd_tfd had an invalid file reference.
Line 301: Property Picture in Pic_1c_bdig_tf had an invalid file reference.
Line 321: Property Picture in Pic_1c_bdig_fs had an invalid file reference.
Line 159: Property Picture in Pic_1c_ia_fs had an invalid file reference.
Line 179: Property Picture in Pic_1c_ia_ft had an invalid file reference.
Line 199: Property Picture in Pic_1c_ia_tf had an invalid file reference.
Line 219: Property Picture in Pic_1c_iswd_ftd had an invalid file reference.
Line 239: Property Picture in Pic_1c_iswd_tfd had an invalid file reference.
Line 301: Property Picture in Pic_1c_bdig_tf had an invalid file reference.
Line 321: Property Picture in Pic_1c_bdig_fs had an invalid file reference.
Line 159: Property Picture in Pic_1c_ia_fs had an invalid file reference.
Line 179: Property Picture in Pic_1c_ia_ft had an invalid file reference.
Line 199: Property Picture in Pic_1c_ia_tf had an invalid file reference.
Line 219: Property Picture in Pic_1c_iswd_ftd had an invalid file reference.
Line 239: Property Picture in Pic_1c_iswd_tfd had an invalid file reference.
Line 301: Property Picture in Pic_1c_bdig_tf had an invalid file reference.
Line 321: Property Picture in Pic_1c_bdig_fs had an invalid file reference.
